mode: set
github.com/t94j0/array/in.go:10.51,11.51 1 1
github.com/t94j0/array/in.go:15.2,17.38 2 1
github.com/t94j0/array/in.go:23.2,23.14 1 1
github.com/t94j0/array/in.go:11.51,13.3 1 1
github.com/t94j0/array/in.go:17.38,18.61 1 1
github.com/t94j0/array/in.go:18.61,20.4 1 1
github.com/t94j0/array/join_ops.go:8.96,14.2 5 1
github.com/t94j0/array/join_ops.go:17.59,21.32 4 1
github.com/t94j0/array/join_ops.go:25.2,25.16 1 1
github.com/t94j0/array/join_ops.go:21.32,23.3 1 1
github.com/t94j0/array/join_ops.go:33.49,36.68 2 1
github.com/t94j0/array/join_ops.go:40.2,43.34 3 1
github.com/t94j0/array/join_ops.go:50.2,50.29 1 1
github.com/t94j0/array/join_ops.go:36.68,38.3 1 1
github.com/t94j0/array/join_ops.go:43.34,45.75 2 1
github.com/t94j0/array/join_ops.go:45.75,47.4 1 1
github.com/t94j0/array/join_ops.go:55.43,58.68 2 1
github.com/t94j0/array/join_ops.go:62.2,65.34 3 1
github.com/t94j0/array/join_ops.go:72.2,72.29 1 1
github.com/t94j0/array/join_ops.go:58.68,60.3 1 1
github.com/t94j0/array/join_ops.go:65.34,67.75 2 1
github.com/t94j0/array/join_ops.go:67.75,69.4 1 1
